<?xml version="1.0" encoding="UTF-8"?>
<!-- Generated by org.testng.reporters.JUnitReportReporter -->
<testsuite hostname="LAPTOP-225BNQAP" failures="0" tests="3" name="com.Ecommerce.InstaSnap.productTest.VerifyElectronicProduct" time="0.013" errors="0" timestamp="2024-11-07T16:26:48 IST" skipped="0">
  <testcase classname="com.Ecommerce.InstaSnap.productTest.VerifyElectronicProduct" name="createProduct" time="0.008"/>
  <system-out>
    <![CDATA[Electronic product created]]>
  </system-out>
  <testcase classname="com.Ecommerce.InstaSnap.productTest.VerifyElectronicProduct" name="updateproduct" time="0.004"/>
  <system-out>
    <![CDATA[Electonic product updated]]>
  </system-out>
  <testcase classname="com.Ecommerce.InstaSnap.productTest.VerifyElectronicProduct" name="updateproduct" time="0.001"/>
  <system-out>
    <![CDATA[Electonic product updated]]>
  </system-out>
</testsuite> <!-- com.Ecommerce.InstaSnap.productTest.VerifyElectronicProduct -->
